0 info it worked if it ends with ok
1 verbose cli [ '/usr/bin/node', '/usr/local/bin/npm', 'run', 'typecheck' ]
2 info using npm@3.9.3
3 info using node@v10.4.1
4 verbose run-script [ 'pretypecheck', 'typecheck', 'posttypecheck' ]
5 info lifecycle stuart-frontend-challenge@1.0.0~pretypecheck: stuart-frontend-challenge@1.0.0
6 silly lifecycle stuart-frontend-challenge@1.0.0~pretypecheck: no script for pretypecheck, continuing
7 info lifecycle stuart-frontend-challenge@1.0.0~typecheck: stuart-frontend-challenge@1.0.0
8 verbose lifecycle stuart-frontend-challenge@1.0.0~typecheck: unsafe-perm in lifecycle true
9 verbose lifecycle stuart-frontend-challenge@1.0.0~typecheck: PATH: /usr/local/lib/node_modules/npm/bin/node-gyp-bin:/home/marc/work/stuart-frontend-challenge-master/node_modules/.bin:/usr/bin:/usr/local/sbin:/usr/local/bin:/usr/sbin:/usr/bin:/sbin:/bin:/usr/games:/usr/local/games:/snap/bin
10 verbose lifecycle stuart-frontend-challenge@1.0.0~typecheck: CWD: /home/marc/work/stuart-frontend-challenge-master
11 silly lifecycle stuart-frontend-challenge@1.0.0~typecheck: Args: [ '-c', 'tsc' ]
12 silly lifecycle stuart-frontend-challenge@1.0.0~typecheck: Returned: code: 1  signal: null
13 info lifecycle stuart-frontend-challenge@1.0.0~typecheck: Failed to exec typecheck script
14 verbose stack Error: stuart-frontend-challenge@1.0.0 typecheck: `tsc`
14 verbose stack Exit status 1
14 verbose stack     at EventEmitter.<anonymous> (/usr/local/lib/node_modules/npm/lib/utils/lifecycle.js:245:16)
14 verbose stack     at EventEmitter.emit (events.js:182:13)
14 verbose stack     at ChildProcess.<anonymous> (/usr/local/lib/node_modules/npm/lib/utils/spawn.js:24:14)
14 verbose stack     at ChildProcess.emit (events.js:182:13)
14 verbose stack     at maybeClose (internal/child_process.js:961:16)
14 verbose stack     at Process.ChildProcess._handle.onexit (internal/child_process.js:248:5)
15 verbose pkgid stuart-frontend-challenge@1.0.0
16 verbose cwd /home/marc/work/stuart-frontend-challenge-master
17 error Linux 4.4.0-122-generic
18 error argv "/usr/bin/node" "/usr/local/bin/npm" "run" "typecheck"
19 error node v10.4.1
20 error npm  v3.9.3
21 error code ELIFECYCLE
22 error stuart-frontend-challenge@1.0.0 typecheck: `tsc`
22 error Exit status 1
23 error Failed at the stuart-frontend-challenge@1.0.0 typecheck script 'tsc'.
23 error Make sure you have the latest version of node.js and npm installed.
23 error If you do, this is most likely a problem with the stuart-frontend-challenge package,
23 error not with npm itself.
23 error Tell the author that this fails on your system:
23 error     tsc
23 error You can get information on how to open an issue for this project with:
23 error     npm bugs stuart-frontend-challenge
23 error Or if that isn't available, you can get their info via:
23 error     npm owner ls stuart-frontend-challenge
23 error There is likely additional logging output above.
24 verbose exit [ 1, true ]
